# JRE version: OpenJDK Runtime Environment (8.0_242-b01) (build 1.8.0_242-release-1644-b01)
# Java VM: OpenJDK 64-Bit Server VM (25.242-b01 mixed mode windows-amd64 compressed oops)
Heap:
 PSYoungGen      total 197120K, used 150595K [0x00000000d5580000, 0x00000000e6200000, 0x0000000100000000)
  eden space 165376K, 71% used [0x00000000d5580000,0x00000000dc996618,0x00000000df700000)
  from space 31744K, 99% used [0x00000000e2100000,0x00000000e3ffa8c8,0x00000000e4000000)
  to   space 43008K, 0% used [0x00000000df700000,0x00000000df700000,0x00000000e2100000)
 ParOldGen       total 242688K, used 96998K [0x0000000080000000, 0x000000008ed00000, 0x00000000d5580000)
  object space 242688K, 39% used [0x0000000080000000,0x0000000085eb9a00,0x000000008ed00000)
 Metaspace       used 106195K, capacity 113128K, committed 113408K, reserved 1146880K
  class space    used 13941K, capacity 15210K, committed 15360K, reserved 1048576K
GC Heap History (10 events):
Event: 2343.905 GC heap before
{Heap before GC invocations=28 (full 4):
 PSYoungGen      total 200704K, used 185998K [0x00000000d5580000, 0x00000000e4480000, 0x0000000100000000)
  eden space 164864K, 100% used [0x00000000d5580000,0x00000000df680000,0x00000000df680000)
  from space 35840K, 58% used [0x00000000df680000,0x00000000e0b239d8,0x00000000e1980000)
  to   space 35840K, 0% used [0x00000000e2180000,0x00000000e2180000,0x00000000e4480000)
 ParOldGen       total 242688K, used 79565K [0x0000000080000000, 0x000000008ed00000, 0x00000000d5580000)
  object space 242688K, 32% used [0x0000000080000000,0x0000000084db3508,0x000000008ed00000)
 Metaspace       used 104568K, capacity 110566K, committed 110720K, reserved 1144832K
  class space    used 13783K, capacity 14893K, committed 14976K, reserved 1048576K
Event: 2343.913 GC heap after
Heap after GC invocations=28 (full 4):
 PSYoungGen      total 203776K, used 10239K [0x00000000d5580000, 0x00000000e4180000, 0x0000000100000000)
  eden space 171008K, 0% used [0x00000000d5580000,0x00000000d5580000,0x00000000dfc80000)
  from space 32768K, 31% used [0x00000000e2180000,0x00000000e2b7fce8,0x00000000e4180000)
  to   space 35328K, 0% used [0x00000000dfc80000,0x00000000dfc80000,0x00000000e1f00000)
 ParOldGen       total 242688K, used 79573K [0x0000000080000000, 0x000000008ed00000, 0x00000000d5580000)
  object space 242688K, 32% used [0x0000000080000000,0x0000000084db5508,0x000000008ed00000)
 Metaspace       used 104568K, capacity 110566K, committed 110720K, reserved 1144832K
  class space    used 13783K, capacity 14893K, committed 14976K, reserved 1048576K
}
Event: 2574.986 GC heap before
{Heap before GC invocations=29 (full 4):
 PSYoungGen      total 203776K, used 181247K [0x00000000d5580000, 0x00000000e4180000, 0x0000000100000000)
  eden space 171008K, 100% used [0x00000000d5580000,0x00000000dfc80000,0x00000000dfc80000)
  from space 32768K, 31% used [0x00000000e2180000,0x00000000e2b7fce8,0x00000000e4180000)
  to   space 35328K, 0% used [0x00000000dfc80000,0x00000000dfc80000,0x00000000e1f00000)
 ParOldGen       total 242688K, used 79573K [0x0000000080000000, 0x000000008ed00000, 0x00000000d5580000)
  object space 242688K, 32% used [0x0000000080000000,0x0000000084db5508,0x000000008ed00000)
 Metaspace       used 104838K, capacity 110780K, committed 110976K, reserved 1144832K
  class space    used 13794K, capacity 14914K, committed 14976K, reserved 1048576K
Event: 2575.000 GC heap after
Heap after GC invocations=29 (full 4):
 PSYoungGen      total 206336K, used 15208K [0x00000000d5580000, 0x00000000e4180000, 0x0000000100000000)
  eden space 171008K, 0% used [0x00000000d5580000,0x00000000d5580000,0x00000000dfc80000)
  from space 35328K, 43% used [0x00000000dfc80000,0x00000000e0b5a090,0x00000000e1f00000)
  to   space 33280K, 0% used [0x00000000e2100000,0x00000000e2100000,0x00000000e4180000)
 ParOldGen       total 242688K, used 79581K [0x0000000080000000, 0x000000008ed00000, 0x00000000d5580000)
  object space 242688K, 32% used [0x0000000080000000,0x0000000084db7508,0x000000008ed00000)
 Metaspace       used 104838K, capacity 110780K, committed 110976K, reserved 1144832K
  class space    used 13794K, capacity 14914K, committed 14976K, reserved 1048576K
}
Event: 2599.242 GC heap before
{Heap before GC invocations=30 (full 4):
 PSYoungGen      total 206336K, used 186216K [0x00000000d5580000, 0x00000000e4180000, 0x0000000100000000)
  eden space 171008K, 100% used [0x00000000d5580000,0x00000000dfc80000,0x00000000dfc80000)
  from space 35328K, 43% used [0x00000000dfc80000,0x00000000e0b5a090,0x00000000e1f00000)
  to   space 33280K, 0% used [0x00000000e2100000,0x00000000e2100000,0x00000000e4180000)
 ParOldGen       total 242688K, used 79581K [0x0000000080000000, 0x000000008ed00000, 0x00000000d5580000)
  object space 242688K, 32% used [0x0000000080000000,0x0000000084db7508,0x000000008ed00000)
 Metaspace       used 105231K, capacity 111432K, committed 111616K, reserved 1146880K
  class space    used 13835K, capacity 14990K, committed 15104K, reserved 1048576K
Event: 2599.249 GC heap after
Heap after GC invocations=30 (full 4):
 PSYoungGen      total 206336K, used 8696K [0x00000000d5580000, 0x00000000e4080000, 0x0000000100000000)
  eden space 174080K, 0% used [0x00000000d5580000,0x00000000d5580000,0x00000000dff80000)
  from space 32256K, 26% used [0x00000000e2100000,0x00000000e297e100,0x00000000e4080000)
  to   space 33280K, 0% used [0x00000000dff80000,0x00000000dff80000,0x00000000e2000000)
 ParOldGen       total 242688K, used 79589K [0x0000000080000000, 0x000000008ed00000, 0x00000000d5580000)
  object space 242688K, 32% used [0x0000000080000000,0x0000000084db9508,0x000000008ed00000)
 Metaspace       used 105231K, capacity 111432K, committed 111616K, reserved 1146880K
  class space    used 13835K, capacity 14990K, committed 15104K, reserved 1048576K
}
Event: 2947.140 GC heap before
{Heap before GC invocations=31 (full 4):
 PSYoungGen      total 206336K, used 182776K [0x00000000d5580000, 0x00000000e4080000, 0x0000000100000000)
  eden space 174080K, 100% used [0x00000000d5580000,0x00000000dff80000,0x00000000dff80000)
  from space 32256K, 26% used [0x00000000e2100000,0x00000000e297e100,0x00000000e4080000)
  to   space 33280K, 0% used [0x00000000dff80000,0x00000000dff80000,0x00000000e2000000)
 ParOldGen       total 242688K, used 79589K [0x0000000080000000, 0x000000008ed00000, 0x00000000d5580000)
  object space 242688K, 32% used [0x0000000080000000,0x0000000084db9508,0x000000008ed00000)
 Metaspace       used 105777K, capacity 112588K, committed 112768K, reserved 1146880K
  class space    used 13915K, capacity 15166K, committed 15232K, reserved 1048576K
Event: 2947.148 GC heap after
Heap after GC invocations=31 (full 4):
 PSYoungGen      total 207360K, used 11827K [0x00000000d5580000, 0x00000000e4000000, 0x0000000100000000)
  eden space 174080K, 0% used [0x00000000d5580000,0x00000000d5580000,0x00000000dff80000)
  from space 33280K, 35% used [0x00000000dff80000,0x00000000e0b0cfc8,0x00000000e2000000)
  to   space 31744K, 0% used [0x00000000e2100000,0x00000000e2100000,0x00000000e4000000)
 ParOldGen       total 242688K, used 79597K [0x0000000080000000, 0x000000008ed00000, 0x00000000d5580000)
  object space 242688K, 32% used [0x0000000080000000,0x0000000084dbb508,0x000000008ed00000)
 Metaspace       used 105777K, capacity 112588K, committed 112768K, reserved 1146880K
  class space    used 13915K, capacity 15166K, committed 15232K, reserved 1048576K
}
Event: 2947.680 GC heap before
{Heap before GC invocations=32 (full 4):
 PSYoungGen      total 207360K, used 185907K [0x00000000d5580000, 0x00000000e4000000, 0x0000000100000000)
  eden space 174080K, 100% used [0x00000000d5580000,0x00000000dff80000,0x00000000dff80000)
  from space 33280K, 35% used [0x00000000dff80000,0x00000000e0b0cfc8,0x00000000e2000000)
  to   space 31744K, 0% used [0x00000000e2100000,0x00000000e2100000,0x00000000e4000000)
 ParOldGen       total 242688K, used 79597K [0x0000000080000000, 0x000000008ed00000, 0x00000000d5580000)
  object space 242688K, 32% used [0x0000000080000000,0x0000000084dbb508,0x000000008ed00000)
 Metaspace       used 105985K, capacity 112934K, committed 113024K, reserved 1146880K
  class space    used 13927K, capacity 15189K, committed 15232K, reserved 1048576K
Event: 2947.711 GC heap after
Heap after GC invocations=32 (full 4):
 PSYoungGen      total 197120K, used 31722K [0x00000000d5580000, 0x00000000e6200000, 0x0000000100000000)
  eden space 165376K, 0% used [0x00000000d5580000,0x00000000d5580000,0x00000000df700000)
  from space 31744K, 99% used [0x00000000e2100000,0x00000000e3ffa8c8,0x00000000e4000000)
  to   space 43008K, 0% used [0x00000000df700000,0x00000000df700000,0x00000000e2100000)
 ParOldGen       total 242688K, used 96998K [0x0000000080000000, 0x000000008ed00000, 0x00000000d5580000)
  object space 242688K, 39% used [0x0000000080000000,0x0000000085eb9a00,0x000000008ed00000)
 Metaspace       used 105985K, capacity 112934K, committed 113024K, reserved 1146880K
  class space    used 13927K, capacity 15189K, committed 15232K, reserved 1048576K
}

