# JRE version: OpenJDK Runtime Environment (8.0_242-b01) (build 1.8.0_242-release-1644-b01)
# Java VM: OpenJDK 64-Bit Server VM (25.242-b01 mixed mode windows-amd64 compressed oops)
Heap:
 PSYoungGen      total 568320K, used 72876K [0x00000000d5580000, 0x00000000fdf80000, 0x0000000100000000)
  eden space 471040K, 7% used [0x00000000d5580000,0x00000000d76cf2b8,0x00000000f2180000)
  from space 97280K, 39% used [0x00000000f2180000,0x00000000f475bed0,0x00000000f8080000)
  to   space 93184K, 0% used [0x00000000f8480000,0x00000000f8480000,0x00000000fdf80000)
 ParOldGen       total 269312K, used 103023K [0x0000000080000000, 0x0000000090700000, 0x00000000d5580000)
  object space 269312K, 38% used [0x0000000080000000,0x000000008649bff0,0x0000000090700000)
 Metaspace       used 321543K, capacity 330816K, committed 331816K, reserved 1341440K
  class space    used 37453K, capacity 39051K, committed 39216K, reserved 1048576K
GC Heap History (10 events):
Event: 10951.513 GC heap before
{Heap before GC invocations=53 (full 6):
 PSYoungGen      total 576000K, used 520440K [0x00000000d5580000, 0x00000000ff580000, 0x0000000100000000)
  eden space 459776K, 99% used [0x00000000d5580000,0x00000000f167dcd0,0x00000000f1680000)
  from space 116224K, 52% used [0x00000000f8400000,0x00000000fbf40660,0x00000000ff580000)
  to   space 112128K, 0% used [0x00000000f1680000,0x00000000f1680000,0x00000000f8400000)
 ParOldGen       total 269312K, used 102991K [0x0000000080000000, 0x0000000090700000, 0x00000000d5580000)
  object space 269312K, 38% used [0x0000000080000000,0x0000000086493ff0,0x0000000090700000)
 Metaspace       used 308209K, capacity 317376K, committed 318376K, reserved 1329152K
  class space    used 35998K, capacity 37599K, committed 37808K, reserved 1048576K
Event: 10951.550 GC heap after
Heap after GC invocations=53 (full 6):
 PSYoungGen      total 571904K, used 57091K [0x00000000d5580000, 0x00000000fef80000, 0x0000000100000000)
  eden space 459776K, 0% used [0x00000000d5580000,0x00000000d5580000,0x00000000f1680000)
  from space 112128K, 50% used [0x00000000f1680000,0x00000000f4e40e48,0x00000000f8400000)
  to   space 107008K, 0% used [0x00000000f8700000,0x00000000f8700000,0x00000000fef80000)
 ParOldGen       total 269312K, used 102991K [0x0000000080000000, 0x0000000090700000, 0x00000000d5580000)
  object space 269312K, 38% used [0x0000000080000000,0x0000000086493ff0,0x0000000090700000)
 Metaspace       used 308209K, capacity 317376K, committed 318376K, reserved 1329152K
  class space    used 35998K, capacity 37599K, committed 37808K, reserved 1048576K
}
Event: 11112.436 GC heap before
{Heap before GC invocations=54 (full 6):
 PSYoungGen      total 571904K, used 516417K [0x00000000d5580000, 0x00000000fef80000, 0x0000000100000000)
  eden space 459776K, 99% used [0x00000000d5580000,0x00000000f160f950,0x00000000f1680000)
  from space 112128K, 50% used [0x00000000f1680000,0x00000000f4e40e48,0x00000000f8400000)
  to   space 107008K, 0% used [0x00000000f8700000,0x00000000f8700000,0x00000000fef80000)
 ParOldGen       total 269312K, used 102991K [0x0000000080000000, 0x0000000090700000, 0x00000000d5580000)
  object space 269312K, 38% used [0x0000000080000000,0x0000000086493ff0,0x0000000090700000)
 Metaspace       used 309088K, capacity 318316K, committed 319528K, reserved 1331200K
  class space    used 36097K, capacity 37703K, committed 37936K, reserved 1048576K
Event: 11112.468 GC heap after
Heap after GC invocations=54 (full 6):
 PSYoungGen      total 564736K, used 52578K [0x00000000d5580000, 0x00000000fe700000, 0x0000000100000000)
  eden space 466432K, 0% used [0x00000000d5580000,0x00000000d5580000,0x00000000f1d00000)
  from space 98304K, 53% used [0x00000000f8700000,0x00000000fba58ae8,0x00000000fe700000)
  to   space 103424K, 0% used [0x00000000f1d00000,0x00000000f1d00000,0x00000000f8200000)
 ParOldGen       total 269312K, used 102999K [0x0000000080000000, 0x0000000090700000, 0x00000000d5580000)
  object space 269312K, 38% used [0x0000000080000000,0x0000000086495ff0,0x0000000090700000)
 Metaspace       used 309088K, capacity 318316K, committed 319528K, reserved 1331200K
  class space    used 36097K, capacity 37703K, committed 37936K, reserved 1048576K
}
Event: 11156.180 GC heap before
{Heap before GC invocations=55 (full 6):
 PSYoungGen      total 564736K, used 518068K [0x00000000d5580000, 0x00000000fe700000, 0x0000000100000000)
  eden space 466432K, 99% used [0x00000000d5580000,0x00000000f1c148a8,0x00000000f1d00000)
  from space 98304K, 53% used [0x00000000f8700000,0x00000000fba58ae8,0x00000000fe700000)
  to   space 103424K, 0% used [0x00000000f1d00000,0x00000000f1d00000,0x00000000f8200000)
 ParOldGen       total 269312K, used 102999K [0x0000000080000000, 0x0000000090700000, 0x00000000d5580000)
  object space 269312K, 38% used [0x0000000080000000,0x0000000086495ff0,0x0000000090700000)
 Metaspace       used 314999K, capacity 324216K, committed 325288K, reserved 1335296K
  class space    used 36741K, capacity 38351K, committed 38576K, reserved 1048576K
Event: 11156.204 GC heap after
Heap after GC invocations=55 (full 6):
 PSYoungGen      total 569856K, used 49722K [0x00000000d5580000, 0x00000000fe600000, 0x0000000100000000)
  eden space 466432K, 0% used [0x00000000d5580000,0x00000000d5580000,0x00000000f1d00000)
  from space 103424K, 48% used [0x00000000f1d00000,0x00000000f4d8e940,0x00000000f8200000)
  to   space 99840K, 0% used [0x00000000f8480000,0x00000000f8480000,0x00000000fe600000)
 ParOldGen       total 269312K, used 103007K [0x0000000080000000, 0x0000000090700000, 0x00000000d5580000)
  object space 269312K, 38% used [0x0000000080000000,0x0000000086497ff0,0x0000000090700000)
 Metaspace       used 314999K, capacity 324216K, committed 325288K, reserved 1335296K
  class space    used 36741K, capacity 38351K, committed 38576K, reserved 1048576K
}
Event: 12242.599 GC heap before
{Heap before GC invocations=56 (full 6):
 PSYoungGen      total 569856K, used 516154K [0x00000000d5580000, 0x00000000fe600000, 0x0000000100000000)
  eden space 466432K, 100% used [0x00000000d5580000,0x00000000f1d00000,0x00000000f1d00000)
  from space 103424K, 48% used [0x00000000f1d00000,0x00000000f4d8e940,0x00000000f8200000)
  to   space 99840K, 0% used [0x00000000f8480000,0x00000000f8480000,0x00000000fe600000)
 ParOldGen       total 269312K, used 103007K [0x0000000080000000, 0x0000000090700000, 0x00000000d5580000)
  object space 269312K, 38% used [0x0000000080000000,0x0000000086497ff0,0x0000000090700000)
 Metaspace       used 321288K, capacity 330520K, committed 331560K, reserved 1341440K
  class space    used 37436K, capacity 39023K, committed 39216K, reserved 1048576K
Event: 12242.629 GC heap after
Heap after GC invocations=56 (full 6):
 PSYoungGen      total 564224K, used 49402K [0x00000000d5580000, 0x00000000fdf80000, 0x0000000100000000)
  eden space 471040K, 0% used [0x00000000d5580000,0x00000000d5580000,0x00000000f2180000)
  from space 93184K, 53% used [0x00000000f8480000,0x00000000fb4be970,0x00000000fdf80000)
  to   space 97280K, 0% used [0x00000000f2180000,0x00000000f2180000,0x00000000f8080000)
 ParOldGen       total 269312K, used 103015K [0x0000000080000000, 0x0000000090700000, 0x00000000d5580000)
  object space 269312K, 38% used [0x0000000080000000,0x0000000086499ff0,0x0000000090700000)
 Metaspace       used 321288K, capacity 330520K, committed 331560K, reserved 1341440K
  class space    used 37436K, capacity 39023K, committed 39216K, reserved 1048576K
}
Event: 12275.172 GC heap before
{Heap before GC invocations=57 (full 6):
 PSYoungGen      total 564224K, used 520442K [0x00000000d5580000, 0x00000000fdf80000, 0x0000000100000000)
  eden space 471040K, 100% used [0x00000000d5580000,0x00000000f2180000,0x00000000f2180000)
  from space 93184K, 53% used [0x00000000f8480000,0x00000000fb4be970,0x00000000fdf80000)
  to   space 97280K, 0% used [0x00000000f2180000,0x00000000f2180000,0x00000000f8080000)
 ParOldGen       total 269312K, used 103015K [0x0000000080000000, 0x0000000090700000, 0x00000000d5580000)
  object space 269312K, 38% used [0x0000000080000000,0x0000000086499ff0,0x0000000090700000)
 Metaspace       used 321536K, capacity 330816K, committed 331816K, reserved 1341440K
  class space    used 37452K, capacity 39051K, committed 39216K, reserved 1048576K
Event: 12275.356 GC heap after
Heap after GC invocations=57 (full 6):
 PSYoungGen      total 568320K, used 38767K [0x00000000d5580000, 0x00000000fdf80000, 0x0000000100000000)
  eden space 471040K, 0% used [0x00000000d5580000,0x00000000d5580000,0x00000000f2180000)
  from space 97280K, 39% used [0x00000000f2180000,0x00000000f475bed0,0x00000000f8080000)
  to   space 93184K, 0% used [0x00000000f8480000,0x00000000f8480000,0x00000000fdf80000)
 ParOldGen       total 269312K, used 103023K [0x0000000080000000, 0x0000000090700000, 0x00000000d5580000)
  object space 269312K, 38% used [0x0000000080000000,0x000000008649bff0,0x0000000090700000)
 Metaspace       used 321536K, capacity 330816K, committed 331816K, reserved 1341440K
  class space    used 37452K, capacity 39051K, committed 39216K, reserved 1048576K
}

