# JRE version: OpenJDK Runtime Environment (8.0_242-b01) (build 1.8.0_242-release-1644-b01)
# Java VM: OpenJDK 64-Bit Server VM (25.242-b01 mixed mode windows-amd64 compressed oops)
Heap:
 PSYoungGen      total 648192K, used 558193K [0x00000000d5580000, 0x0000000100000000, 0x0000000100000000)
  eden space 596992K, 89% used [0x00000000d5580000,0x00000000f5d1ced0,0x00000000f9c80000)
  from space 51200K, 50% used [0x00000000fce00000,0x00000000fe77f5c0,0x0000000100000000)
  to   space 50688K, 0% used [0x00000000f9c80000,0x00000000f9c80000,0x00000000fce00000)
 ParOldGen       total 173568K, used 124259K [0x0000000080000000, 0x000000008a980000, 0x00000000d5580000)
  object space 173568K, 71% used [0x0000000080000000,0x0000000087958d30,0x000000008a980000)
 Metaspace       used 116932K, capacity 122746K, committed 123944K, reserved 1157120K
  class space    used 14766K, capacity 15967K, committed 16176K, reserved 1048576K
GC Heap History (10 events):
Event: 11904.766 GC heap before
{Heap before GC invocations=25 (full 4):
 PSYoungGen      total 660480K, used 640352K [0x00000000d5580000, 0x00000000ffc80000, 0x0000000100000000)
  eden space 629760K, 100% used [0x00000000d5580000,0x00000000fbc80000,0x00000000fbc80000)
  from space 30720K, 34% used [0x00000000fde80000,0x00000000fe8d82c8,0x00000000ffc80000)
  to   space 32768K, 0% used [0x00000000fbc80000,0x00000000fbc80000,0x00000000fdc80000)
 ParOldGen       total 115712K, used 88355K [0x0000000080000000, 0x0000000087100000, 0x00000000d5580000)
  object space 115712K, 76% used [0x0000000080000000,0x0000000085648e60,0x0000000087100000)
 Metaspace       used 109598K, capacity 116253K, committed 116520K, reserved 1150976K
  class space    used 14267K, capacity 15624K, committed 15664K, reserved 1048576K
Event: 11904.821 GC heap after
Heap after GC invocations=25 (full 4):
 PSYoungGen      total 662528K, used 2315K [0x00000000d5580000, 0x0000000100000000, 0x0000000100000000)
  eden space 629760K, 0% used [0x00000000d5580000,0x00000000d5580000,0x00000000fbc80000)
  from space 32768K, 7% used [0x00000000fbc80000,0x00000000fbec2db8,0x00000000fdc80000)
  to   space 33280K, 0% used [0x00000000fdf80000,0x00000000fdf80000,0x0000000100000000)
 ParOldGen       total 115712K, used 90923K [0x0000000080000000, 0x0000000087100000, 0x00000000d5580000)
  object space 115712K, 78% used [0x0000000080000000,0x00000000858caca0,0x0000000087100000)
 Metaspace       used 109598K, capacity 116253K, committed 116520K, reserved 1150976K
  class space    used 14267K, capacity 15624K, committed 15664K, reserved 1048576K
}
Event: 11916.263 GC heap before
{Heap before GC invocations=26 (full 4):
 PSYoungGen      total 662528K, used 632075K [0x00000000d5580000, 0x0000000100000000, 0x0000000100000000)
  eden space 629760K, 100% used [0x00000000d5580000,0x00000000fbc80000,0x00000000fbc80000)
  from space 32768K, 7% used [0x00000000fbc80000,0x00000000fbec2db8,0x00000000fdc80000)
  to   space 33280K, 0% used [0x00000000fdf80000,0x00000000fdf80000,0x0000000100000000)
 ParOldGen       total 115712K, used 90923K [0x0000000080000000, 0x0000000087100000, 0x00000000d5580000)
  object space 115712K, 78% used [0x0000000080000000,0x00000000858caca0,0x0000000087100000)
 Metaspace       used 112261K, capacity 118973K, committed 119080K, reserved 1153024K
  class space    used 14529K, capacity 15884K, committed 15920K, reserved 1048576K
Event: 11916.513 GC heap after
Heap after GC invocations=26 (full 4):
 PSYoungGen      total 638976K, used 33277K [0x00000000d5580000, 0x0000000100000000, 0x0000000100000000)
  eden space 605696K, 0% used [0x00000000d5580000,0x00000000d5580000,0x00000000fa500000)
  from space 33280K, 99% used [0x00000000fdf80000,0x00000000fffff5d8,0x0000000100000000)
  to   space 46592K, 0% used [0x00000000fa500000,0x00000000fa500000,0x00000000fd280000)
 ParOldGen       total 115712K, used 112505K [0x0000000080000000, 0x0000000087100000, 0x00000000d5580000)
  object space 115712K, 97% used [0x0000000080000000,0x0000000086dde750,0x0000000087100000)
 Metaspace       used 112261K, capacity 118973K, committed 119080K, reserved 1153024K
  class space    used 14529K, capacity 15884K, committed 15920K, reserved 1048576K
}
Event: 11916.579 GC heap before
{Heap before GC invocations=27 (full 5):
 PSYoungGen      total 638976K, used 33277K [0x00000000d5580000, 0x0000000100000000, 0x0000000100000000)
  eden space 605696K, 0% used [0x00000000d5580000,0x00000000d5580000,0x00000000fa500000)
  from space 33280K, 99% used [0x00000000fdf80000,0x00000000fffff5d8,0x0000000100000000)
  to   space 46592K, 0% used [0x00000000fa500000,0x00000000fa500000,0x00000000fd280000)
 ParOldGen       total 115712K, used 112505K [0x0000000080000000, 0x0000000087100000, 0x00000000d5580000)
  object space 115712K, 97% used [0x0000000080000000,0x0000000086dde750,0x0000000087100000)
 Metaspace       used 112261K, capacity 118973K, committed 119080K, reserved 1153024K
  class space    used 14529K, capacity 15884K, committed 15920K, reserved 1048576K
Event: 11919.047 GC heap after
Heap after GC invocations=27 (full 5):
 PSYoungGen      total 638976K, used 0K [0x00000000d5580000, 0x0000000100000000, 0x0000000100000000)
  eden space 605696K, 0% used [0x00000000d5580000,0x00000000d5580000,0x00000000fa500000)
  from space 33280K, 0% used [0x00000000fdf80000,0x00000000fdf80000,0x0000000100000000)
  to   space 46592K, 0% used [0x00000000fa500000,0x00000000fa500000,0x00000000fd280000)
 ParOldGen       total 173568K, used 106191K [0x0000000080000000, 0x000000008a980000, 0x00000000d5580000)
  object space 173568K, 61% used [0x0000000080000000,0x00000000867b3d68,0x000000008a980000)
 Metaspace       used 107688K, capacity 112416K, committed 119080K, reserved 1153024K
  class space    used 13773K, capacity 14694K, committed 15920K, reserved 1048576K
}
Event: 11946.429 GC heap before
{Heap before GC invocations=28 (full 5):
 PSYoungGen      total 638976K, used 604349K [0x00000000d5580000, 0x0000000100000000, 0x0000000100000000)
  eden space 605696K, 99% used [0x00000000d5580000,0x00000000fa3af4d0,0x00000000fa500000)
  from space 33280K, 0% used [0x00000000fdf80000,0x00000000fdf80000,0x0000000100000000)
  to   space 46592K, 0% used [0x00000000fa500000,0x00000000fa500000,0x00000000fd280000)
 ParOldGen       total 173568K, used 106191K [0x0000000080000000, 0x000000008a980000, 0x00000000d5580000)
  object space 173568K, 61% used [0x0000000080000000,0x00000000867b3d68,0x000000008a980000)
 Metaspace       used 109432K, capacity 114432K, committed 119080K, reserved 1153024K
  class space    used 13969K, capacity 14954K, committed 15920K, reserved 1048576K
Event: 11946.445 GC heap after
Heap after GC invocations=28 (full 5):
 PSYoungGen      total 643584K, used 37437K [0x00000000d5580000, 0x0000000100000000, 0x0000000100000000)
  eden space 605696K, 0% used [0x00000000d5580000,0x00000000d5580000,0x00000000fa500000)
  from space 37888K, 98% used [0x00000000fa500000,0x00000000fc98f598,0x00000000fca00000)
  to   space 51200K, 0% used [0x00000000fce00000,0x00000000fce00000,0x0000000100000000)
 ParOldGen       total 173568K, used 106199K [0x0000000080000000, 0x000000008a980000, 0x00000000d5580000)
  object space 173568K, 61% used [0x0000000080000000,0x00000000867b5d68,0x000000008a980000)
 Metaspace       used 109432K, capacity 114432K, committed 119080K, reserved 1153024K
  class space    used 13969K, capacity 14954K, committed 15920K, reserved 1048576K
}
Event: 11960.381 GC heap before
{Heap before GC invocations=29 (full 5):
 PSYoungGen      total 643584K, used 643133K [0x00000000d5580000, 0x0000000100000000, 0x0000000100000000)
  eden space 605696K, 100% used [0x00000000d5580000,0x00000000fa500000,0x00000000fa500000)
  from space 37888K, 98% used [0x00000000fa500000,0x00000000fc98f598,0x00000000fca00000)
  to   space 51200K, 0% used [0x00000000fce00000,0x00000000fce00000,0x0000000100000000)
 ParOldGen       total 173568K, used 106199K [0x0000000080000000, 0x000000008a980000, 0x00000000d5580000)
  object space 173568K, 61% used [0x0000000080000000,0x00000000867b5d68,0x000000008a980000)
 Metaspace       used 114194K, capacity 119582K, committed 121640K, reserved 1155072K
  class space    used 14434K, capacity 15491K, committed 15920K, reserved 1048576K
Event: 11960.426 GC heap after
Heap after GC invocations=29 (full 5):
 PSYoungGen      total 648192K, used 26109K [0x00000000d5580000, 0x0000000100000000, 0x0000000100000000)
  eden space 596992K, 0% used [0x00000000d5580000,0x00000000d5580000,0x00000000f9c80000)
  from space 51200K, 50% used [0x00000000fce00000,0x00000000fe77f5c0,0x0000000100000000)
  to   space 50688K, 0% used [0x00000000f9c80000,0x00000000f9c80000,0x00000000fce00000)
 ParOldGen       total 173568K, used 124259K [0x0000000080000000, 0x000000008a980000, 0x00000000d5580000)
  object space 173568K, 71% used [0x0000000080000000,0x0000000087958d30,0x000000008a980000)
 Metaspace       used 114194K, capacity 119582K, committed 121640K, reserved 1155072K
  class space    used 14434K, capacity 15491K, committed 15920K, reserved 1048576K
}

