# JRE version: OpenJDK Runtime Environment (8.0_242-b01) (build 1.8.0_242-release-1644-b01)
# Java VM: OpenJDK 64-Bit Server VM (25.242-b01 mixed mode windows-amd64 compressed oops)
Heap:
 PSYoungGen      total 555008K, used 138434K [0x00000000d5580000, 0x00000000f9d00000, 0x0000000100000000)
  eden space 538112K, 25% used [0x00000000d5580000,0x00000000ddcb09e8,0x00000000f6300000)
  from space 16896K, 0% used [0x00000000f8c80000,0x00000000f8c80000,0x00000000f9d00000)
  to   space 29696K, 0% used [0x00000000f6300000,0x00000000f6300000,0x00000000f8000000)
 ParOldGen       total 96768K, used 45424K [0x0000000080000000, 0x0000000085e80000, 0x00000000d5580000)
  object space 96768K, 46% used [0x0000000080000000,0x0000000082c5c180,0x0000000085e80000)
 Metaspace       used 91542K, capacity 96956K, committed 98856K, reserved 1134592K
  class space    used 12111K, capacity 13077K, committed 13608K, reserved 1048576K
GC Heap History (10 events):
Event: 12.259 GC heap before
{Heap before GC invocations=14 (full 3):
 PSYoungGen      total 374272K, used 350863K [0x00000000d5580000, 0x00000000edd80000, 0x0000000100000000)
  eden space 351744K, 99% used [0x00000000d5580000,0x00000000eac23e08,0x00000000ead00000)
  from space 22528K, 0% used [0x00000000ec400000,0x00000000ec400000,0x00000000eda00000)
  to   space 23552K, 0% used [0x00000000ead00000,0x00000000ead00000,0x00000000ec400000)
 ParOldGen       total 96768K, used 28907K [0x0000000080000000, 0x0000000085e80000, 0x00000000d5580000)
  object space 96768K, 29% used [0x0000000080000000,0x0000000081c3adb0,0x0000000085e80000)
 Metaspace       used 72076K, capacity 75676K, committed 75824K, reserved 1114112K
  class space    used 9876K, capacity 10515K, committed 10544K, reserved 1048576K
Event: 12.276 GC heap after
Heap after GC invocations=14 (full 3):
 PSYoungGen      total 375296K, used 23526K [0x00000000d5580000, 0x00000000f5000000, 0x0000000100000000)
  eden space 351744K, 0% used [0x00000000d5580000,0x00000000d5580000,0x00000000ead00000)
  from space 23552K, 99% used [0x00000000ead00000,0x00000000ec3f9a50,0x00000000ec400000)
  to   space 28160K, 0% used [0x00000000f3480000,0x00000000f3480000,0x00000000f5000000)
 ParOldGen       total 96768K, used 31271K [0x0000000080000000, 0x0000000085e80000, 0x00000000d5580000)
  object space 96768K, 32% used [0x0000000080000000,0x0000000081e89f18,0x0000000085e80000)
 Metaspace       used 72076K, capacity 75676K, committed 75824K, reserved 1114112K
  class space    used 9876K, capacity 10515K, committed 10544K, reserved 1048576K
}
Event: 208.729 GC heap before
{Heap before GC invocations=15 (full 3):
 PSYoungGen      total 375296K, used 375270K [0x00000000d5580000, 0x00000000f5000000, 0x0000000100000000)
  eden space 351744K, 100% used [0x00000000d5580000,0x00000000ead00000,0x00000000ead00000)
  from space 23552K, 99% used [0x00000000ead00000,0x00000000ec3f9a50,0x00000000ec400000)
  to   space 28160K, 0% used [0x00000000f3480000,0x00000000f3480000,0x00000000f5000000)
 ParOldGen       total 96768K, used 31271K [0x0000000080000000, 0x0000000085e80000, 0x00000000d5580000)
  object space 96768K, 32% used [0x0000000080000000,0x0000000081e89f18,0x0000000085e80000)
 Metaspace       used 88962K, capacity 94808K, committed 95024K, reserved 1130496K
  class space    used 12192K, capacity 13243K, committed 13360K, reserved 1048576K
Event: 208.752 GC heap after
Heap after GC invocations=15 (full 3):
 PSYoungGen      total 468480K, used 20679K [0x00000000d5580000, 0x00000000f4900000, 0x0000000100000000)
  eden space 447488K, 0% used [0x00000000d5580000,0x00000000d5580000,0x00000000f0a80000)
  from space 20992K, 98% used [0x00000000f3480000,0x00000000f48b1d50,0x00000000f4900000)
  to   space 29696K, 0% used [0x00000000f0f00000,0x00000000f0f00000,0x00000000f2c00000)
 ParOldGen       total 96768K, used 46780K [0x0000000080000000, 0x0000000085e80000, 0x00000000d5580000)
  object space 96768K, 48% used [0x0000000080000000,0x0000000082daf3a0,0x0000000085e80000)
 Metaspace       used 88962K, capacity 94808K, committed 95024K, reserved 1130496K
  class space    used 12192K, capacity 13243K, committed 13360K, reserved 1048576K
}
Event: 598.492 GC heap before
{Heap before GC invocations=16 (full 3):
 PSYoungGen      total 468480K, used 468167K [0x00000000d5580000, 0x00000000f4900000, 0x0000000100000000)
  eden space 447488K, 100% used [0x00000000d5580000,0x00000000f0a80000,0x00000000f0a80000)
  from space 20992K, 98% used [0x00000000f3480000,0x00000000f48b1d50,0x00000000f4900000)
  to   space 29696K, 0% used [0x00000000f0f00000,0x00000000f0f00000,0x00000000f2c00000)
 ParOldGen       total 96768K, used 46780K [0x0000000080000000, 0x0000000085e80000, 0x00000000d5580000)
  object space 96768K, 48% used [0x0000000080000000,0x0000000082daf3a0,0x0000000085e80000)
 Metaspace       used 90881K, capacity 97052K, committed 97200K, reserved 1132544K
  class space    used 12274K, capacity 13373K, committed 13488K, reserved 1048576K
Event: 598.516 GC heap after
Heap after GC invocations=16 (full 3):
 PSYoungGen      total 481792K, used 19192K [0x00000000d5580000, 0x00000000faa00000, 0x0000000100000000)
  eden space 452096K, 0% used [0x00000000d5580000,0x00000000d5580000,0x00000000f0f00000)
  from space 29696K, 64% used [0x00000000f0f00000,0x00000000f21be130,0x00000000f2c00000)
  to   space 30208K, 0% used [0x00000000f8c80000,0x00000000f8c80000,0x00000000faa00000)
 ParOldGen       total 96768K, used 46788K [0x0000000080000000, 0x0000000085e80000, 0x00000000d5580000)
  object space 96768K, 48% used [0x0000000080000000,0x0000000082db13a0,0x0000000085e80000)
 Metaspace       used 90881K, capacity 97052K, committed 97200K, reserved 1132544K
  class space    used 12274K, capacity 13373K, committed 13488K, reserved 1048576K
}
Event: 860.636 GC heap before
{Heap before GC invocations=17 (full 3):
 PSYoungGen      total 481792K, used 350340K [0x00000000d5580000, 0x00000000faa00000, 0x0000000100000000)
  eden space 452096K, 73% used [0x00000000d5580000,0x00000000e98e3290,0x00000000f0f00000)
  from space 29696K, 64% used [0x00000000f0f00000,0x00000000f21be130,0x00000000f2c00000)
  to   space 30208K, 0% used [0x00000000f8c80000,0x00000000f8c80000,0x00000000faa00000)
 ParOldGen       total 96768K, used 46788K [0x0000000080000000, 0x0000000085e80000, 0x00000000d5580000)
  object space 96768K, 48% used [0x0000000080000000,0x0000000082db13a0,0x0000000085e80000)
 Metaspace       used 91832K, capacity 98492K, committed 98600K, reserved 1134592K
  class space    used 12343K, capacity 13501K, committed 13608K, reserved 1048576K
Event: 860.644 GC heap after
Heap after GC invocations=17 (full 3):
 PSYoungGen      total 555008K, used 8881K [0x00000000d5580000, 0x00000000f9d00000, 0x0000000100000000)
  eden space 538112K, 0% used [0x00000000d5580000,0x00000000d5580000,0x00000000f6300000)
  from space 16896K, 52% used [0x00000000f8c80000,0x00000000f952c678,0x00000000f9d00000)
  to   space 29696K, 0% used [0x00000000f6300000,0x00000000f6300000,0x00000000f8000000)
 ParOldGen       total 96768K, used 46796K [0x0000000080000000, 0x0000000085e80000, 0x00000000d5580000)
  object space 96768K, 48% used [0x0000000080000000,0x0000000082db33a0,0x0000000085e80000)
 Metaspace       used 91832K, capacity 98492K, committed 98600K, reserved 1134592K
  class space    used 12343K, capacity 13501K, committed 13608K, reserved 1048576K
}
Event: 860.644 GC heap before
{Heap before GC invocations=18 (full 4):
 PSYoungGen      total 555008K, used 8881K [0x00000000d5580000, 0x00000000f9d00000, 0x0000000100000000)
  eden space 538112K, 0% used [0x00000000d5580000,0x00000000d5580000,0x00000000f6300000)
  from space 16896K, 52% used [0x00000000f8c80000,0x00000000f952c678,0x00000000f9d00000)
  to   space 29696K, 0% used [0x00000000f6300000,0x00000000f6300000,0x00000000f8000000)
 ParOldGen       total 96768K, used 46796K [0x0000000080000000, 0x0000000085e80000, 0x00000000d5580000)
  object space 96768K, 48% used [0x0000000080000000,0x0000000082db33a0,0x0000000085e80000)
 Metaspace       used 91832K, capacity 98492K, committed 98600K, reserved 1134592K
  class space    used 12343K, capacity 13501K, committed 13608K, reserved 1048576K
Event: 860.918 GC heap after
Heap after GC invocations=18 (full 4):
 PSYoungGen      total 555008K, used 0K [0x00000000d5580000, 0x00000000f9d00000, 0x0000000100000000)
  eden space 538112K, 0% used [0x00000000d5580000,0x00000000d5580000,0x00000000f6300000)
  from space 16896K, 0% used [0x00000000f8c80000,0x00000000f8c80000,0x00000000f9d00000)
  to   space 29696K, 0% used [0x00000000f6300000,0x00000000f6300000,0x00000000f8000000)
 ParOldGen       total 96768K, used 45424K [0x0000000080000000, 0x0000000085e80000, 0x00000000d5580000)
  object space 96768K, 46% used [0x0000000080000000,0x0000000082c5c180,0x0000000085e80000)
 Metaspace       used 90771K, capacity 95526K, committed 98600K, reserved 1134592K
  class space    used 11986K, capacity 12872K, committed 13608K, reserved 1048576K
}

